<?xml version="1.0" encoding="UTF-8"?>
<!-- Generated by org.testng.reporters.JUnitReportReporter -->
<testsuite hostname="DESKTOP-3LPEESD" failures="0" tests="3" name="com.actitime.testscript.ProjectModule" time="0.025" errors="0" timestamp="2023-01-21T20:13:48 IST" skipped="0">
  <testcase classname="com.actitime.testscript.ProjectModule" name="modifyProject" time="0.005"/>
  <system-out>
    <![CDATA[Modify Project]]>
  </system-out>
  <testcase classname="com.actitime.testscript.ProjectModule" name="createProject" time="0.016"/>
  <system-out>
    <![CDATA[Create Project]]>
  </system-out>
  <testcase classname="com.actitime.testscript.ProjectModule" name="deleteProject" time="0.004"/>
  <system-out>
    <![CDATA[Delete Project]]>
  </system-out>
</testsuite> <!-- com.actitime.testscript.ProjectModule -->
